# JRE version: OpenJDK Runtime Environment (21.0.10) (build 21.0.10+-14961533-b1163.108)
# Java VM: OpenJDK 64-Bit Server VM (21.0.10+-14961533-b1163.108, mixed mode, tiered, compressed oops, compressed class ptrs, g1 gc, windows-amd64)
GC Precious Log:
 CardTable entry size: 512
 Card Set container configuration: InlinePtr #cards 4 size 8 Array Of Cards #cards 64 size 144 Howl #buckets 8 coarsen threshold 14745 Howl Bitmap #cards 2048 size 272 coarsen threshold 1843 Card regions per heap region 1 cards per card region 16384
 CPUs: 16 total, 16 available
 Memory: 65447M
 Large Page Support: Disabled
 NUMA Support: Disabled
 Compressed Oops: Enabled (Zero based)
 Heap Region Size: 8M
 Heap Min Capacity: 8M
 Heap Initial Capacity: 1G
 Heap Max Capacity: 16368M
 Pre-touch: Disabled
 Parallel Workers: 13
 Concurrent Workers: 3
 Concurrent Refinement Workers: 13
 Periodic GC: Disabled
Heap:
 garbage-first heap   total 188416K, used 119865K [0x0000000401000000, 0x0000000800000000)
  region size 8192K, 5 young (40960K), 1 survivors (8192K)
 Metaspace       used 76746K, committed 77632K, reserved 1179648K
  class space    used 8593K, committed 9024K, reserved 1048576K
GC Heap History (20 events):
Event: 3.180 GC heap before
{Heap before GC invocations=6 (full 0):
 garbage-first heap   total 65536K, used 42201K [0x0000000401000000, 0x0000000800000000)
  region size 8192K, 3 young (24576K), 1 survivors (8192K)
 Metaspace       used 30182K, committed 30464K, reserved 1114112K
  class space    used 3601K, committed 3712K, reserved 1048576K
}
Event: 3.189 GC heap after
{Heap after GC invocations=7 (full 0):
 garbage-first heap   total 65536K, used 26702K [0x0000000401000000, 0x0000000800000000)
  region size 8192K, 1 young (8192K), 1 survivors (8192K)
 Metaspace       used 30182K, committed 30464K, reserved 1114112K
  class space    used 3601K, committed 3712K, reserved 1048576K
}
Event: 3.877 GC heap before
{Heap before GC invocations=7 (full 0):
 garbage-first heap   total 65536K, used 43086K [0x0000000401000000, 0x0000000800000000)
  region size 8192K, 3 young (24576K), 1 survivors (8192K)
 Metaspace       used 35073K, committed 35328K, reserved 1114112K
  class space    used 4332K, committed 4416K, reserved 1048576K
}
Event: 3.940 GC heap after
{Heap after GC invocations=8 (full 0):
 garbage-first heap   total 557056K, used 28210K [0x0000000401000000, 0x0000000800000000)
  region size 8192K, 1 young (8192K), 1 survivors (8192K)
 Metaspace       used 35073K, committed 35328K, reserved 1114112K
  class space    used 4332K, committed 4416K, reserved 1048576K
}
Event: 4.220 GC heap before
{Heap before GC invocations=8 (full 0):
 garbage-first heap   total 557056K, used 44594K [0x0000000401000000, 0x0000000800000000)
  region size 8192K, 3 young (24576K), 1 survivors (8192K)
 Metaspace       used 36271K, committed 36480K, reserved 1114112K
  class space    used 4460K, committed 4544K, reserved 1048576K
}
Event: 4.223 GC heap after
{Heap after GC invocations=9 (full 0):
 garbage-first heap   total 557056K, used 42236K [0x0000000401000000, 0x0000000800000000)
  region size 8192K, 2 young (16384K), 2 survivors (16384K)
 Metaspace       used 36271K, committed 36480K, reserved 1114112K
  class space    used 4460K, committed 4544K, reserved 1048576K
}
Event: 6.758 GC heap before
{Heap before GC invocations=10 (full 0):
 garbage-first heap   total 163840K, used 156924K [0x0000000401000000, 0x0000000800000000)
  region size 8192K, 16 young (131072K), 2 survivors (16384K)
 Metaspace       used 51202K, committed 51968K, reserved 1114112K
  class space    used 6191K, committed 6528K, reserved 1048576K
}
Event: 6.767 GC heap after
{Heap after GC invocations=11 (full 0):
 garbage-first heap   total 188416K, used 51849K [0x0000000401000000, 0x0000000800000000)
  region size 8192K, 3 young (24576K), 3 survivors (24576K)
 Metaspace       used 51202K, committed 51968K, reserved 1114112K
  class space    used 6191K, committed 6528K, reserved 1048576K
}
Event: 9.084 GC heap before
{Heap before GC invocations=11 (full 0):
 garbage-first heap   total 188416K, used 109193K [0x0000000401000000, 0x0000000800000000)
  region size 8192K, 11 young (90112K), 3 survivors (24576K)
 Metaspace       used 60445K, committed 61248K, reserved 1114112K
  class space    used 7203K, committed 7616K, reserved 1048576K
}
Event: 9.095 GC heap after
{Heap after GC invocations=12 (full 0):
 garbage-first heap   total 188416K, used 61744K [0x0000000401000000, 0x0000000800000000)
  region size 8192K, 2 young (16384K), 2 survivors (16384K)
 Metaspace       used 60445K, committed 61248K, reserved 1114112K
  class space    used 7203K, committed 7616K, reserved 1048576K
}
Event: 12.982 GC heap before
{Heap before GC invocations=13 (full 0):
 garbage-first heap   total 188416K, used 135472K [0x0000000401000000, 0x0000000800000000)
  region size 8192K, 11 young (90112K), 2 survivors (16384K)
 Metaspace       used 66113K, committed 66944K, reserved 1114112K
  class space    used 7683K, committed 8064K, reserved 1048576K
}
Event: 12.994 GC heap after
{Heap after GC invocations=14 (full 0):
 garbage-first heap   total 188416K, used 69549K [0x0000000401000000, 0x0000000800000000)
  region size 8192K, 2 young (16384K), 2 survivors (16384K)
 Metaspace       used 66113K, committed 66944K, reserved 1114112K
  class space    used 7683K, committed 8064K, reserved 1048576K
}
Event: 15.904 GC heap before
{Heap before GC invocations=14 (full 0):
 garbage-first heap   total 188416K, used 143277K [0x0000000401000000, 0x0000000800000000)
  region size 8192K, 11 young (90112K), 2 survivors (16384K)
 Metaspace       used 67323K, committed 68160K, reserved 1114112K
  class space    used 7734K, committed 8128K, reserved 1048576K
}
Event: 15.924 GC heap after
{Heap after GC invocations=15 (full 0):
 garbage-first heap   total 188416K, used 78527K [0x0000000401000000, 0x0000000800000000)
  region size 8192K, 2 young (16384K), 2 survivors (16384K)
 Metaspace       used 67323K, committed 68160K, reserved 1114112K
  class space    used 7734K, committed 8128K, reserved 1048576K
}
Event: 18.392 GC heap before
{Heap before GC invocations=15 (full 0):
 garbage-first heap   total 188416K, used 152255K [0x0000000401000000, 0x0000000800000000)
  region size 8192K, 11 young (90112K), 2 survivors (16384K)
 Metaspace       used 68266K, committed 69056K, reserved 1114112K
  class space    used 7813K, committed 8192K, reserved 1048576K
}
Event: 18.418 GC heap after
{Heap after GC invocations=16 (full 0):
 garbage-first heap   total 188416K, used 87704K [0x0000000401000000, 0x0000000800000000)
  region size 8192K, 2 young (16384K), 2 survivors (16384K)
 Metaspace       used 68266K, committed 69056K, reserved 1114112K
  class space    used 7813K, committed 8192K, reserved 1048576K
}
Event: 20.273 GC heap before
{Heap before GC invocations=16 (full 0):
 garbage-first heap   total 188416K, used 112280K [0x0000000401000000, 0x0000000800000000)
  region size 8192K, 6 young (49152K), 2 survivors (16384K)
 Metaspace       used 68553K, committed 69376K, reserved 1114112K
  class space    used 7828K, committed 8256K, reserved 1048576K
}
Event: 20.301 GC heap after
{Heap after GC invocations=17 (full 0):
 garbage-first heap   total 188416K, used 91248K [0x0000000401000000, 0x0000000800000000)
  region size 8192K, 2 young (16384K), 2 survivors (16384K)
 Metaspace       used 68553K, committed 69376K, reserved 1114112K
  class space    used 7828K, committed 8256K, reserved 1048576K
}
Event: 23.730 GC heap before
{Heap before GC invocations=18 (full 0):
 garbage-first heap   total 188416K, used 156784K [0x0000000401000000, 0x0000000800000000)
  region size 8192K, 10 young (81920K), 2 survivors (16384K)
 Metaspace       used 73464K, committed 74240K, reserved 1114112K
  class space    used 8310K, committed 8704K, reserved 1048576K
}
Event: 23.741 GC heap after
{Heap after GC invocations=19 (full 0):
 garbage-first heap   total 188416K, used 95289K [0x0000000401000000, 0x0000000800000000)
  region size 8192K, 1 young (8192K), 1 survivors (8192K)
 Metaspace       used 73464K, committed 74240K, reserved 1114112K
  class space    used 8310K, committed 8704K, reserved 1048576K
}

